<?xml version="1.0" encoding="UTF-8"?>
<testsuite name="com.groupesan.project.java.scrumsimulator.mainpackage.core.ScrumRoleTest" tests="5" skipped="0" failures="0" errors="0" timestamp="2024-10-02T06:34:10" hostname="Chens-MBP" time="0.051">
  <properties/>
  <testcase name="testRoleRegistered()" classname="com.groupesan.project.java.scrumsimulator.mainpackage.core.ScrumRoleTest" time="0.028"/>
  <testcase name="testToString()" classname="com.groupesan.project.java.scrumsimulator.mainpackage.core.ScrumRoleTest" time="0.014"/>
  <testcase name="testRoleUnregistered1()" classname="com.groupesan.project.java.scrumsimulator.mainpackage.core.ScrumRoleTest" time="0.001"/>
  <testcase name="testRoleUnregistered2()" classname="com.groupesan.project.java.scrumsimulator.mainpackage.core.ScrumRoleTest" time="0.0"/>
  <testcase name="testEquals()" classname="com.groupesan.project.java.scrumsimulator.mainpackage.core.ScrumRoleTest" time="0.001"/>
  <system-out><![CDATA[]]></system-out>
  <system-err><![CDATA[]]></system-err>
</testsuite>
